<?xml version="1.0" encoding="utf-8"?><testsuites name="pytest tests"><testsuite name="pytest" errors="0" failures="0" skipped="0" tests="32" time="28.261" timestamp="2026-03-10T23:05:04.857084+00:00" hostname="agent-env-d529e4ce-0ca5-4477-84fd-2f0f07af3438"><testcase classname="backend.tests.test_cima_api.TestHealthCheck" name="test_api_health" time="0.577" /><testcase classname="backend.tests.test_cima_api.TestHealthCheck" name="test_api_root" time="0.530" /><testcase classname="backend.tests.test_cima_api.TestMarketData" name="test_get_all_stocks" time="0.401" /><testcase classname="backend.tests.test_cima_api.TestMarketData" name="test_get_single_stock" time="0.406" /><testcase classname="backend.tests.test_cima_api.TestMarketData" name="test_get_invalid_stock" time="0.583" /><testcase classname="backend.tests.test_cima_api.TestMarketData" name="test_get_all_crypto" time="0.402" /><testcase classname="backend.tests.test_cima_api.TestMarketData" name="test_get_single_crypto" time="0.401" /><testcase classname="backend.tests.test_cima_api.TestAuthentication" name="test_register_new_user" time="0.661" /><testcase classname="backend.tests.test_cima_api.TestAuthentication" name="test_register_duplicate_email" time="0.429" /><testcase classname="backend.tests.test_cima_api.TestAuthentication" name="test_login_valid_credentials" time="0.658" /><testcase classname="backend.tests.test_cima_api.TestAuthentication" name="test_login_invalid_credentials" time="0.441" /><testcase classname="backend.tests.test_cima_api.TestCollections" name="test_get_all_collections" time="0.391" /><testcase classname="backend.tests.test_cima_api.TestCollections" name="test_get_single_collection" time="0.406" /><testcase classname="backend.tests.test_cima_api.TestCollections" name="test_get_invalid_collection" time="0.415" /><testcase classname="backend.tests.test_cima_api.TestAcademy" name="test_get_all_courses" time="0.424" /><testcase classname="backend.tests.test_cima_api.TestAcademy" name="test_get_single_course" time="0.420" /><testcase classname="backend.tests.test_cima_api.TestAuthenticatedEndpoints" name="test_get_portfolio" time="1.069" /><testcase classname="backend.tests.test_cima_api.TestAuthenticatedEndpoints" name="test_add_portfolio_holding" time="1.092" /><testcase classname="backend.tests.test_cima_api.TestAuthenticatedEndpoints" name="test_get_goals" time="1.081" /><testcase classname="backend.tests.test_cima_api.TestAuthenticatedEndpoints" name="test_create_goal" time="1.063" /><testcase classname="backend.tests.test_cima_api.TestAuthenticatedEndpoints" name="test_update_goal" time="1.419" /><testcase classname="backend.tests.test_cima_api.TestAuthenticatedEndpoints" name="test_get_alerts" time="1.038" /><testcase classname="backend.tests.test_cima_api.TestAuthenticatedEndpoints" name="test_create_alert" time="1.072" /><testcase classname="backend.tests.test_cima_api.TestAuthenticatedEndpoints" name="test_get_academy_progress" time="1.072" /><testcase classname="backend.tests.test_cima_api.TestAuthenticatedEndpoints" name="test_update_academy_progress" time="1.063" /><testcase classname="backend.tests.test_cima_api.TestAuthenticatedEndpoints" name="test_get_monthly_report" time="1.058" /><testcase classname="backend.tests.test_cima_api.TestAuthenticatedEndpoints" name="test_get_referrals" time="1.063" /><testcase classname="backend.tests.test_cima_api.TestAuthenticatedEndpoints" name="test_get_user_me" time="1.056" /><testcase classname="backend.tests.test_cima_api.TestAuthenticatedEndpoints" name="test_generate_insight" time="6.049" /><testcase classname="backend.tests.test_cima_api.TestUnauthorizedAccess" name="test_portfolio_requires_auth" time="0.431" /><testcase classname="backend.tests.test_cima_api.TestUnauthorizedAccess" name="test_goals_requires_auth" time="0.417" /><testcase classname="backend.tests.test_cima_api.TestUnauthorizedAccess" name="test_alerts_requires_auth" time="0.544" /></testsuite></testsuites>